Arguments: 
  C:\Program Files\nodejs\node.exe C:\Program Files (x86)\Yarn\bin\yarn.js add --dev typescript

PATH: 
  C:\Program Files\NVIDIA GPU Computing Toolkit\CUDA\v11.3\bin;C:\Program Files\NVIDIA GPU Computing Toolkit\CUDA\v11.3\libnvvp;C:\Program Files (x86)\Common Files\Intel\Shared Libraries\redist\intel64\compiler;C:\Python39\Scripts\;C:\Python39\;C:\Program Files (x86)\Common Files\Oracle\Java\javapath;C:\Windows\system32;C:\Windows;C:\Windows\System32\Wbem;C:\Windows\System32\WindowsPowerShell\v1.0\;C:\Windows\System32\OpenSSH\;C:\Program Files\NVIDIA Corporation\NVIDIA NvDLISR;C:\Program Files (x86)\NVIDIA Corporation\PhysX\Common;C:\ProgramData\chocolatey\bin;D:\Program Files (x86)\Touch Portal\plugins\adb\platform-tools;C:\Program Files\dotnet\;D:\Program Files (x86)\PuTTY\;C:\Program Files (x86)\Yarn\bin\;C:\Program Files\Microsoft SQL Server\130\Tools\Binn\;C:\Program Files\Microsoft SQL Server\Client SDK\ODBC\170\Tools\Binn\;C:\MinGW\bin;C:\Program Files\LLVM\bin;C:\Program Files\nodejs\;C:\Program Files\Git\cmd;D:\HashiCorp\Vagrant\bin;C:\Program Files\clarinet\bin\;C:\Program Files\Go\bin;C:\Program Files\NVIDIA Corporation\Nsight Compute 2021.1.1\;C:\Program Files\Docker\Docker\resources\bin;C:\ProgramData\DockerDesktop\version-bin;D:\Users\browe\AppData\Local\Programs\Python\Python310\Scripts\;D:\Users\browe\AppData\Local\Programs\Python\Python310\;C:\Users\browe\.cargo\bin;C:\Users\browe\AppData\Local\Microsoft\WindowsApps;C:\Users\browe\AppData\Local\GitHubDesktop\bin;C:\Users\browe\AppData\Local\Yarn\bin;C:\tools\neovim\Neovim\bin;C:\Users\browe\.dotnet\tools;C:\Program Files\CMake\bin;C:\Users\browe\AppData\Roaming\npm;C:\Users\browe\AppData\Local\hyper\app-3.0.2\resources\bin;D:\Users\browe\AppData\Local\Programs\espanso;C:\ProgramData\chocolatey\lib\mingw\tools\install\mingw64\bin;C:\Users\browe\go\bin;D:\Users\browe\AppData\Local\Programs\Microsoft VS Code\bin;D:\Program Files\heroku\bin;D:\ffmpeg;C:\Program Files\OpenSSL-Win64\bin;C:\tools\neovim\Neovim\bin;C:\Users\browe\AppData\Local\nvim\plugged\vim-floaterm\bin\

Yarn version: 
  1.22.5

Node version: 
  14.17.1

Platform: 
  win32 x64

Trace: 
  SyntaxError: D:\dev\pepega-panel\backend\pepega-ws\node\package.json: Unexpected token } in JSON at position 254
      at JSON.parse (<anonymous>)
      at C:\Program Files (x86)\Yarn\lib\cli.js:1625:59
      at Generator.next (<anonymous>)
      at step (C:\Program Files (x86)\Yarn\lib\cli.js:310:30)
      at C:\Program Files (x86)\Yarn\lib\cli.js:321:13

npm manifest: 
  {
    "name": "pepega-ws",
    "version": "0.0.1",
    "description": "",
    "main": "index.js",
    "scripts": {
      "test": "echo \"Error: no test specified\" && exit 1"
    },
    "author": "opti21",
    "license": "ISC",
    "dependencies": {
      "ws": "^8.4.2"
    },
  }

yarn manifest: 
  No manifest

Lockfile: 
  # THIS IS AN AUTOGENERATED FILE. DO NOT EDIT THIS FILE DIRECTLY.
  # yarn lockfile v1
  
  
  ws@^8.4.2:
    version "8.4.2"
    resolved "https://registry.yarnpkg.com/ws/-/ws-8.4.2.tgz#18e749868d8439f2268368829042894b6907aa0b"
    integrity sha512-Kbk4Nxyq7/ZWqr/tarI9yIt/+iNNFOjBXEWgTb4ydaNHBNGgvf2QHbS9fdfsndfjFlFwEd4Al+mw83YkaD10ZA==
